{"level":"error","message":"Error de base de datos: Error al obtener los productos 25/10/2023, 14:52:55"}
{"level":"error","message":"Error de base de datos: Error al obtener los productos 25/10/2023, 14:53:05"}
{"level":"error","message":"Authentication error. Failed to authenticate user 25/10/2023, 20:01:42"}
{"level":"error","message":"Authentication error. Failed to authenticate user 25/10/2023, 20:04:46"}
{"level":"error","message":"Authentication error. Failed to authenticate user 25/10/2023, 20:11:24"}
{"level":"error","message":"Authentication error. Failed to authenticate user 25/10/2023, 20:13:53"}
{"level":"error","message":"Authentication error. Failed to authenticate user 25/10/2023, 20:14:01"}
{"level":"error","message":"Authentication error. Failed to authenticate user 25/10/2023, 20:16:11"}
{"level":"error","message":"Authentication error. Failed to authenticate user 25/10/2023, 20:16:26"}
{"level":"error","message":"Authentication error. Failed to authenticate user 25/10/2023, 20:17:45"}
{"level":"error","message":"Authentication error. Failed to authenticate user 25/10/2023, 20:19:44"}
{"level":"error","message":"Authentication error. Failed to authenticate user 25/10/2023, 20:19:54"}
{"level":"error","message":"Error de autenticación. No es prosible autenticar el usuario 27/10/2023, 13:14:37"}
{"level":"error","message":"Error de base de datos: Error al actualizar el producto 29/10/2023, 12:29:59"}
{"level":"error","message":"Error de autenticación. No es prosible autenticar el usuario 29/10/2023, 13:26:07"}
{"level":"error","message":"Error de autenticación. No es prosible autenticar el usuario 29/10/2023, 16:23:28"}
{"level":"error","message":"Error de autenticación. No es prosible autenticar el usuario 29/10/2023, 16:38:27"}
{"level":"error","message":"Error de autenticación. No es prosible autenticar el usuario 29/10/2023, 16:38:51"}
{"level":"error","message":"Error de autenticación. No es prosible autenticar el usuario 29/10/2023, 16:39:11"}
{"level":"error","message":"Error de autenticación. No es prosible autenticar el usuario 29/10/2023, 16:39:39"}
{"level":"error","message":"Error de autenticación. No es prosible autenticar el usuario 29/10/2023, 16:41:06"}
{"level":"error","message":"Error de autenticación. No es prosible autenticar el usuario 29/10/2023, 16:41:33"}
{"level":"error","message":"Error de autenticación. Usuario no autorizado 30/10/2023, 9:30:20"}
{"level":"error","message":"Error de autenticación. Usuario no autorizado 30/10/2023, 9:31:52"}
{"level":"error","message":"Error de autenticación. Usuario no autorizado 30/10/2023, 9:33:52"}
{"level":"error","message":"Error de base de datos: Usuario no encontrado 30/10/2023, 9:39:02"}
{"level":"error","message":"Error de autenticación. Usuario no autorizado 30/10/2023, 9:43:54"}
{"level":"error","message":"Error de autenticación. Usuario no autorizado 30/10/2023, 9:45:28"}
{"level":"error","message":"Error de autenticación. Usuario no autorizado 30/10/2023, 9:45:44"}
{"level":"error","message":"Error de autenticación. Usuario no autorizado 30/10/2023, 9:46:01"}
{"level":"error","message":"Error de autenticación. Usuario no autorizado 30/10/2023, 9:51:02"}
{"level":"error","message":"Error de autenticación. Usuario no autorizado 30/10/2023, 9:52:12"}
{"level":"error","message":"Error de autenticación. Usuario no autorizado 30/10/2023, 9:53:03"}
{"level":"error","message":"Error de autenticación. Usuario no autorizado 30/10/2023, 9:54:22"}
{"level":"error","message":"Error de autenticación. Usuario no autorizado 30/10/2023, 9:55:10"}
{"level":"error","message":"Error de base de datos: El usuario ya existe 30/10/2023, 10:00:44"}
{"level":"error","message":"Error de base de datos: El usuario ya existe 30/10/2023, 10:02:26"}
{"level":"error","message":"Error de base de datos: El usuario ya existe 30/10/2023, 10:07:00"}
{"level":"error","message":"Error de base de datos: El usuario ya existe 30/10/2023, 10:10:37"}
{"level":"error","message":"Error de base de datos: El usuario ya existe 30/10/2023, 10:14:57"}
{"level":"error","message":"Error de base de datos: El usuario ya existe 30/10/2023, 10:15:38"}
{"level":"error","message":"Error de base de datos: El usuario ya existe 30/10/2023, 10:18:16"}
{"level":"error","message":"Error de base de datos: El usuario ya existe 30/10/2023, 10:19:39"}
{"level":"error","message":"Error de base de datos: El usuario ya existe 30/10/2023, 10:20:55"}
{"level":"error","message":"Error de base de datos: El usuario ya existe 30/10/2023, 10:22:47"}
{"level":"error","message":"Error de base de datos: El usuario ya existe 30/10/2023, 10:24:14"}
{"level":"error","message":"Error de base de datos: El usuario ya existe 30/10/2023, 10:26:25"}
{"level":"error","message":"Error de autenticación. Usuario sin permisos 30/10/2023, 19:21:37"}
{"level":"error","message":"Error de autenticación. Usuario no autorizado 30/10/2023, 19:21:38"}
{"level":"error","message":"Error de autenticación. Usuario no autorizado 30/10/2023, 19:25:26"}
{"level":"error","message":"Error de base de autenticación: La contraseña no puede ser igual a la anterior 30/10/2023, 19:27:42"}
{"level":"error","message":"Error de autenticación. Usuario no autorizado 30/10/2023, 19:28:03"}
{"level":"error","message":"Error de autenticación. Usuario no autorizado 30/10/2023, 19:30:14"}
{"level":"error","message":"Error de autenticación. Usuario no autorizado 30/10/2023, 19:30:47"}
{"level":"error","message":"Error de autenticación. Usuario no autorizado 30/10/2023, 19:34:32"}
{"level":"error","message":"Error de autenticación. Usuario no autorizado 30/10/2023, 19:43:37"}
{"level":"error","message":"Error de autenticación. Usuario no autorizado 30/10/2023, 19:52:38"}
{"level":"error","message":"Error de autenticación. Usuario no autorizado 30/10/2023, 19:55:25"}
{"level":"error","message":"Error de autenticación. Usuario inexistente 30/10/2023, 20:01:42"}
{"level":"error","message":"Error de autenticación. Usuario inexistente 30/10/2023, 20:06:49"}
{"level":"error","message":"Error de autenticación. Usuario inexistente 30/10/2023, 20:21:36"}
{"level":"error","message":"Error de autenticación. No es prosible autenticar el usuario 31/10/2023, 12:57:39"}
{"level":"error","message":"Error de autenticación. No es prosible autenticar el usuario 31/10/2023, 13:01:46"}
{"level":"error","message":"Error de autenticación. No es prosible autenticar el usuario 31/10/2023, 13:06:42"}
{"level":"error","message":"Error de autenticación. Usuario sin permisos 31/10/2023, 13:24:55"}
{"level":"error","message":"Error de autenticación. Usuario sin permisos 31/10/2023, 13:25:32"}
{"level":"error","message":"Error de autenticación. Usuario sin permisos 31/10/2023, 13:49:56"}
{"level":"error","message":"Error de autenticación. Usuario sin permisos 31/10/2023, 13:53:35"}
{"level":"error","message":"Error de autenticación. Usuario sin permisos 31/10/2023, 14:08:24"}
{"level":"error","message":"Error de autenticación. Usuario sin permisos 31/10/2023, 14:09:33"}
{"level":"error","message":"Error de autenticación. Usuario sin permisos 31/10/2023, 14:09:45"}
{"level":"error","message":"Error de autenticación. Usuario sin permisos 31/10/2023, 14:11:25"}
{"level":"error","message":"Error de autenticación. Usuario sin permisos 31/10/2023, 14:14:46"}
{"level":"error","message":"Error de autenticación. Usuario sin permisos 31/10/2023, 14:28:54"}
{"level":"error","message":"Error de autenticación. Usuario sin permisos 31/10/2023, 14:31:17"}
{"level":"error","message":"Error de autenticación: Usuario no autorizado. 31/10/2023, 14:39:47"}
{"level":"error","message":"Error de autenticación: Usuario no autorizado. 31/10/2023, 14:39:47"}
{"level":"error","message":"Error de autenticación: Usuario no autorizado. 31/10/2023, 14:39:47"}
{"level":"error","message":"Error de autenticación: Usuario no autorizado. 31/10/2023, 14:39:48"}
{"level":"error","message":"Error de autenticación: Usuario no autorizado. 31/10/2023, 14:39:48"}
{"level":"error","message":"Error de autenticación: Usuario no autorizado. 31/10/2023, 14:40:03"}
{"level":"error","message":"Error de autenticación: Usuario no autorizado. 31/10/2023, 14:40:03"}
{"level":"error","message":"Error de autenticación: Usuario no autorizado. 31/10/2023, 14:40:03"}
{"level":"error","message":"Error de autenticación: Usuario no autorizado. 31/10/2023, 14:40:03"}
{"level":"error","message":"Error de autenticación: Usuario no autorizado. 31/10/2023, 14:40:03"}
{"level":"error","message":"Error de autenticación: Usuario no autorizado. 31/10/2023, 14:40:50"}
{"level":"error","message":"Error de autenticación: Usuario no autorizado. 31/10/2023, 14:40:50"}
{"level":"error","message":"Error de autenticación: Usuario no autorizado. 31/10/2023, 14:40:50"}
{"level":"error","message":"Error de autenticación: Usuario no autorizado. 31/10/2023, 14:40:50"}
{"level":"error","message":"Error de autenticación: Usuario no autorizado. 31/10/2023, 14:40:51"}
{"level":"error","message":"Error de autenticación. No es prosible autenticar el usuario 31/10/2023, 14:52:12"}
{"level":"error","message":"Error de autenticación. Usuario sin permisos 31/10/2023, 14:56:06"}
